mode: atomic
github.com/sheldonhull/sharedbrain/backlinker/backlinker.go:54.54,57.16 3 0
github.com/sheldonhull/sharedbrain/backlinker/backlinker.go:60.2,60.37 1 0
github.com/sheldonhull/sharedbrain/backlinker/backlinker.go:66.2,66.20 1 0
github.com/sheldonhull/sharedbrain/backlinker/backlinker.go:57.16,59.3 1 0
github.com/sheldonhull/sharedbrain/backlinker/backlinker.go:60.37,61.41 1 0
github.com/sheldonhull/sharedbrain/backlinker/backlinker.go:64.3,64.43 1 0
github.com/sheldonhull/sharedbrain/backlinker/backlinker.go:61.41,62.12 1 0
github.com/sheldonhull/sharedbrain/backlinker/backlinker.go:70.76,72.16 2 16
github.com/sheldonhull/sharedbrain/backlinker/backlinker.go:76.2,84.3 1 16
github.com/sheldonhull/sharedbrain/backlinker/backlinker.go:72.16,73.63 1 0
github.com/sheldonhull/sharedbrain/backlinker/backlinker.go:89.65,91.33 2 1
github.com/sheldonhull/sharedbrain/backlinker/backlinker.go:95.2,95.15 1 1
github.com/sheldonhull/sharedbrain/backlinker/backlinker.go:91.33,94.3 2 4
github.com/sheldonhull/sharedbrain/backlinker/backlinker.go:108.100,110.13 2 2
github.com/sheldonhull/sharedbrain/backlinker/backlinker.go:114.2,117.4 1 2
github.com/sheldonhull/sharedbrain/backlinker/backlinker.go:110.13,113.3 2 1
github.com/sheldonhull/sharedbrain/backlinker/backlinker.go:123.64,125.2 1 2
github.com/sheldonhull/sharedbrain/backlinker/backlinker.go:131.108,145.2 5 1
github.com/sheldonhull/sharedbrain/backlinker/backlinker.go:149.81,150.31 1 0
github.com/sheldonhull/sharedbrain/backlinker/backlinker.go:162.2,162.12 1 0
github.com/sheldonhull/sharedbrain/backlinker/backlinker.go:150.31,151.17 1 0
github.com/sheldonhull/sharedbrain/backlinker/backlinker.go:154.3,157.17 4 0
github.com/sheldonhull/sharedbrain/backlinker/backlinker.go:160.3,160.51 1 0
github.com/sheldonhull/sharedbrain/backlinker/backlinker.go:151.17,152.12 1 0
github.com/sheldonhull/sharedbrain/backlinker/backlinker.go:157.17,159.4 1 0
github.com/sheldonhull/sharedbrain/backlinker/backlinker.go:167.75,173.21 6 4
github.com/sheldonhull/sharedbrain/backlinker/backlinker.go:189.2,190.16 2 4
github.com/sheldonhull/sharedbrain/backlinker/backlinker.go:193.2,193.36 1 4
github.com/sheldonhull/sharedbrain/backlinker/backlinker.go:196.2,197.13 2 4
github.com/sheldonhull/sharedbrain/backlinker/backlinker.go:203.2,204.13 2 4
github.com/sheldonhull/sharedbrain/backlinker/backlinker.go:207.2,208.12 2 4
github.com/sheldonhull/sharedbrain/backlinker/backlinker.go:173.21,175.12 2 10
github.com/sheldonhull/sharedbrain/backlinker/backlinker.go:183.3,183.20 1 6
github.com/sheldonhull/sharedbrain/backlinker/backlinker.go:187.3,187.33 1 4
github.com/sheldonhull/sharedbrain/backlinker/backlinker.go:175.12,177.21 2 4
github.com/sheldonhull/sharedbrain/backlinker/backlinker.go:181.4,181.12 1 2
github.com/sheldonhull/sharedbrain/backlinker/backlinker.go:177.21,179.10 2 2
github.com/sheldonhull/sharedbrain/backlinker/backlinker.go:183.20,185.9 2 2
github.com/sheldonhull/sharedbrain/backlinker/backlinker.go:190.16,192.3 1 0
github.com/sheldonhull/sharedbrain/backlinker/backlinker.go:193.36,195.3 1 0
github.com/sheldonhull/sharedbrain/backlinker/backlinker.go:197.13,199.17 2 2
github.com/sheldonhull/sharedbrain/backlinker/backlinker.go:199.17,201.4 1 0
github.com/sheldonhull/sharedbrain/backlinker/backlinker.go:204.13,206.3 1 2
github.com/sheldonhull/sharedbrain/backlinker/backlinker.go:215.68,218.21 3 7
github.com/sheldonhull/sharedbrain/backlinker/backlinker.go:233.2,234.14 2 7
github.com/sheldonhull/sharedbrain/backlinker/backlinker.go:240.2,240.25 1 7
github.com/sheldonhull/sharedbrain/backlinker/backlinker.go:260.2,261.16 2 7
github.com/sheldonhull/sharedbrain/backlinker/backlinker.go:264.2,268.12 4 7
github.com/sheldonhull/sharedbrain/backlinker/backlinker.go:218.21,220.16 2 3
github.com/sheldonhull/sharedbrain/backlinker/backlinker.go:223.3,224.15 2 3
github.com/sheldonhull/sharedbrain/backlinker/backlinker.go:220.16,222.4 1 3
github.com/sheldonhull/sharedbrain/backlinker/backlinker.go:224.15,226.18 2 3
github.com/sheldonhull/sharedbrain/backlinker/backlinker.go:229.4,229.27 1 3
github.com/sheldonhull/sharedbrain/backlinker/backlinker.go:226.18,228.5 1 0
github.com/sheldonhull/sharedbrain/backlinker/backlinker.go:234.14,236.3 1 5
github.com/sheldonhull/sharedbrain/backlinker/backlinker.go:236.8,238.3 1 2
github.com/sheldonhull/sharedbrain/backlinker/backlinker.go:240.25,242.43 2 2
github.com/sheldonhull/sharedbrain/backlinker/backlinker.go:255.3,255.24 1 2
github.com/sheldonhull/sharedbrain/backlinker/backlinker.go:242.43,244.16 2 2
github.com/sheldonhull/sharedbrain/backlinker/backlinker.go:247.4,248.11 2 1
github.com/sheldonhull/sharedbrain/backlinker/backlinker.go:251.4,251.31 1 1
github.com/sheldonhull/sharedbrain/backlinker/backlinker.go:244.16,245.13 1 1
github.com/sheldonhull/sharedbrain/backlinker/backlinker.go:248.11,250.5 1 0
github.com/sheldonhull/sharedbrain/backlinker/backlinker.go:251.31,253.5 1 1
github.com/sheldonhull/sharedbrain/backlinker/backlinker.go:255.24,257.4 1 1
github.com/sheldonhull/sharedbrain/backlinker/backlinker.go:261.16,263.3 1 0
github.com/sheldonhull/sharedbrain/backlinker/backlinker.go:272.46,274.2 1 36
github.com/sheldonhull/sharedbrain/backlinker/backlinker.go:279.45,284.2 4 13
github.com/sheldonhull/sharedbrain/backlinker/backlinker.go:288.79,289.36 1 8
github.com/sheldonhull/sharedbrain/backlinker/backlinker.go:301.2,302.48 2 8
github.com/sheldonhull/sharedbrain/backlinker/backlinker.go:289.36,294.14 4 10
github.com/sheldonhull/sharedbrain/backlinker/backlinker.go:298.3,299.51 2 10
github.com/sheldonhull/sharedbrain/backlinker/backlinker.go:294.14,297.4 2 1
github.com/sheldonhull/sharedbrain/backlinker/backlinker.go:308.26,309.21 1 1
github.com/sheldonhull/sharedbrain/backlinker/backlinker.go:316.2,316.21 1 1
github.com/sheldonhull/sharedbrain/backlinker/backlinker.go:324.2,325.16 2 1
github.com/sheldonhull/sharedbrain/backlinker/backlinker.go:328.2,328.12 1 1
github.com/sheldonhull/sharedbrain/backlinker/backlinker.go:309.21,312.17 3 0
github.com/sheldonhull/sharedbrain/backlinker/backlinker.go:312.17,314.4 1 0
github.com/sheldonhull/sharedbrain/backlinker/backlinker.go:316.21,320.17 4 3
github.com/sheldonhull/sharedbrain/backlinker/backlinker.go:320.17,322.4 1 0
github.com/sheldonhull/sharedbrain/backlinker/backlinker.go:325.16,327.3 1 0
github.com/sheldonhull/sharedbrain/backlinker/backlinker.go:333.97,334.30 1 3
github.com/sheldonhull/sharedbrain/backlinker/backlinker.go:337.2,341.49 2 2
github.com/sheldonhull/sharedbrain/backlinker/backlinker.go:363.2,363.42 1 2
github.com/sheldonhull/sharedbrain/backlinker/backlinker.go:371.2,371.12 1 2
github.com/sheldonhull/sharedbrain/backlinker/backlinker.go:334.30,336.3 1 1
github.com/sheldonhull/sharedbrain/backlinker/backlinker.go:341.49,348.38 5 1
github.com/sheldonhull/sharedbrain/backlinker/backlinker.go:354.3,354.37 1 1
github.com/sheldonhull/sharedbrain/backlinker/backlinker.go:360.3,360.71 1 0
github.com/sheldonhull/sharedbrain/backlinker/backlinker.go:348.38,350.4 1 0
github.com/sheldonhull/sharedbrain/backlinker/backlinker.go:350.9,350.45 1 1
github.com/sheldonhull/sharedbrain/backlinker/backlinker.go:350.45,352.4 1 0
github.com/sheldonhull/sharedbrain/backlinker/backlinker.go:354.37,358.4 3 1
github.com/sheldonhull/sharedbrain/backlinker/backlinker.go:363.42,370.3 4 3
github.com/sheldonhull/sharedbrain/backlinker/backlinker.go:376.81,377.31 1 0
github.com/sheldonhull/sharedbrain/backlinker/backlinker.go:403.2,403.31 1 0
github.com/sheldonhull/sharedbrain/backlinker/backlinker.go:412.2,412.31 1 0
github.com/sheldonhull/sharedbrain/backlinker/backlinker.go:430.2,430.31 1 0
github.com/sheldonhull/sharedbrain/backlinker/backlinker.go:437.2,437.12 1 0
github.com/sheldonhull/sharedbrain/backlinker/backlinker.go:377.31,381.17 4 0
github.com/sheldonhull/sharedbrain/backlinker/backlinker.go:392.3,394.17 3 0
github.com/sheldonhull/sharedbrain/backlinker/backlinker.go:381.17,384.4 2 0
github.com/sheldonhull/sharedbrain/backlinker/backlinker.go:384.9,387.18 3 0
github.com/sheldonhull/sharedbrain/backlinker/backlinker.go:390.4,390.42 1 0
github.com/sheldonhull/sharedbrain/backlinker/backlinker.go:387.18,389.5 1 0
github.com/sheldonhull/sharedbrain/backlinker/backlinker.go:394.17,396.4 1 0
github.com/sheldonhull/sharedbrain/backlinker/backlinker.go:403.31,404.22 1 0
github.com/sheldonhull/sharedbrain/backlinker/backlinker.go:404.22,406.18 2 0
github.com/sheldonhull/sharedbrain/backlinker/backlinker.go:406.18,408.5 1 0
github.com/sheldonhull/sharedbrain/backlinker/backlinker.go:412.31,414.23 1 0
github.com/sheldonhull/sharedbrain/backlinker/backlinker.go:422.3,423.17 2 0
github.com/sheldonhull/sharedbrain/backlinker/backlinker.go:414.23,416.18 2 0
github.com/sheldonhull/sharedbrain/backlinker/backlinker.go:416.18,418.5 1 0
github.com/sheldonhull/sharedbrain/backlinker/backlinker.go:423.17,425.4 1 0
github.com/sheldonhull/sharedbrain/backlinker/backlinker.go:430.31,432.17 2 0
github.com/sheldonhull/sharedbrain/backlinker/backlinker.go:432.17,434.4 1 0
github.com/sheldonhull/sharedbrain/backlinker/backlinker.go:442.73,443.31 1 0
github.com/sheldonhull/sharedbrain/backlinker/backlinker.go:457.2,457.12 1 0
github.com/sheldonhull/sharedbrain/backlinker/backlinker.go:443.31,445.17 2 0
github.com/sheldonhull/sharedbrain/backlinker/backlinker.go:448.3,449.17 2 0
github.com/sheldonhull/sharedbrain/backlinker/backlinker.go:452.3,453.17 2 0
github.com/sheldonhull/sharedbrain/backlinker/backlinker.go:445.17,447.4 1 0
github.com/sheldonhull/sharedbrain/backlinker/backlinker.go:449.17,451.4 1 0
github.com/sheldonhull/sharedbrain/backlinker/backlinker.go:453.17,455.4 1 0
github.com/sheldonhull/sharedbrain/backlinker/backlinker.go:471.63,473.16 2 0
github.com/sheldonhull/sharedbrain/backlinker/backlinker.go:476.2,478.16 3 0
github.com/sheldonhull/sharedbrain/backlinker/backlinker.go:481.2,482.16 2 0
github.com/sheldonhull/sharedbrain/backlinker/backlinker.go:485.2,486.12 2 0
github.com/sheldonhull/sharedbrain/backlinker/backlinker.go:473.16,475.3 1 0
github.com/sheldonhull/sharedbrain/backlinker/backlinker.go:478.16,480.3 1 0
github.com/sheldonhull/sharedbrain/backlinker/backlinker.go:482.16,484.3 1 0
