mode: set
github.com/sheldonhull/sharedbrain/backlinker/backlinker.go:53.54,56.16 3 0
github.com/sheldonhull/sharedbrain/backlinker/backlinker.go:59.2,59.37 1 0
github.com/sheldonhull/sharedbrain/backlinker/backlinker.go:65.2,65.20 1 0
github.com/sheldonhull/sharedbrain/backlinker/backlinker.go:56.16,58.3 1 0
github.com/sheldonhull/sharedbrain/backlinker/backlinker.go:59.37,60.41 1 0
github.com/sheldonhull/sharedbrain/backlinker/backlinker.go:63.3,63.43 1 0
github.com/sheldonhull/sharedbrain/backlinker/backlinker.go:60.41,61.12 1 0
github.com/sheldonhull/sharedbrain/backlinker/backlinker.go:69.76,71.16 2 1
github.com/sheldonhull/sharedbrain/backlinker/backlinker.go:75.2,83.3 1 1
github.com/sheldonhull/sharedbrain/backlinker/backlinker.go:71.16,72.63 1 0
github.com/sheldonhull/sharedbrain/backlinker/backlinker.go:88.65,90.33 2 1
github.com/sheldonhull/sharedbrain/backlinker/backlinker.go:94.2,94.15 1 1
github.com/sheldonhull/sharedbrain/backlinker/backlinker.go:90.33,93.3 2 1
github.com/sheldonhull/sharedbrain/backlinker/backlinker.go:107.100,109.13 2 1
github.com/sheldonhull/sharedbrain/backlinker/backlinker.go:113.2,116.4 1 1
github.com/sheldonhull/sharedbrain/backlinker/backlinker.go:109.13,112.3 2 1
github.com/sheldonhull/sharedbrain/backlinker/backlinker.go:122.64,124.2 1 1
github.com/sheldonhull/sharedbrain/backlinker/backlinker.go:130.108,144.2 5 1
github.com/sheldonhull/sharedbrain/backlinker/backlinker.go:148.81,149.31 1 0
github.com/sheldonhull/sharedbrain/backlinker/backlinker.go:161.2,161.12 1 0
github.com/sheldonhull/sharedbrain/backlinker/backlinker.go:149.31,150.17 1 0
github.com/sheldonhull/sharedbrain/backlinker/backlinker.go:153.3,156.17 4 0
github.com/sheldonhull/sharedbrain/backlinker/backlinker.go:159.3,159.51 1 0
github.com/sheldonhull/sharedbrain/backlinker/backlinker.go:150.17,151.12 1 0
github.com/sheldonhull/sharedbrain/backlinker/backlinker.go:156.17,158.4 1 0
github.com/sheldonhull/sharedbrain/backlinker/backlinker.go:166.75,172.21 6 1
github.com/sheldonhull/sharedbrain/backlinker/backlinker.go:188.2,189.16 2 1
github.com/sheldonhull/sharedbrain/backlinker/backlinker.go:192.2,192.36 1 1
github.com/sheldonhull/sharedbrain/backlinker/backlinker.go:195.2,196.13 2 1
github.com/sheldonhull/sharedbrain/backlinker/backlinker.go:202.2,203.13 2 1
github.com/sheldonhull/sharedbrain/backlinker/backlinker.go:206.2,207.12 2 1
github.com/sheldonhull/sharedbrain/backlinker/backlinker.go:172.21,174.12 2 1
github.com/sheldonhull/sharedbrain/backlinker/backlinker.go:182.3,182.20 1 1
github.com/sheldonhull/sharedbrain/backlinker/backlinker.go:186.3,186.33 1 1
github.com/sheldonhull/sharedbrain/backlinker/backlinker.go:174.12,176.21 2 1
github.com/sheldonhull/sharedbrain/backlinker/backlinker.go:180.4,180.12 1 1
github.com/sheldonhull/sharedbrain/backlinker/backlinker.go:176.21,178.10 2 1
github.com/sheldonhull/sharedbrain/backlinker/backlinker.go:182.20,184.9 2 1
github.com/sheldonhull/sharedbrain/backlinker/backlinker.go:189.16,191.3 1 0
github.com/sheldonhull/sharedbrain/backlinker/backlinker.go:192.36,194.3 1 0
github.com/sheldonhull/sharedbrain/backlinker/backlinker.go:196.13,198.17 2 1
github.com/sheldonhull/sharedbrain/backlinker/backlinker.go:198.17,200.4 1 0
github.com/sheldonhull/sharedbrain/backlinker/backlinker.go:203.13,205.3 1 1
github.com/sheldonhull/sharedbrain/backlinker/backlinker.go:214.68,217.21 2 1
github.com/sheldonhull/sharedbrain/backlinker/backlinker.go:233.2,234.14 2 1
github.com/sheldonhull/sharedbrain/backlinker/backlinker.go:240.2,240.25 1 1
github.com/sheldonhull/sharedbrain/backlinker/backlinker.go:257.2,258.16 2 1
github.com/sheldonhull/sharedbrain/backlinker/backlinker.go:261.2,265.12 4 1
github.com/sheldonhull/sharedbrain/backlinker/backlinker.go:217.21,220.16 3 1
github.com/sheldonhull/sharedbrain/backlinker/backlinker.go:223.3,224.15 2 1
github.com/sheldonhull/sharedbrain/backlinker/backlinker.go:220.16,222.4 1 1
github.com/sheldonhull/sharedbrain/backlinker/backlinker.go:224.15,226.18 2 1
github.com/sheldonhull/sharedbrain/backlinker/backlinker.go:229.4,229.27 1 1
github.com/sheldonhull/sharedbrain/backlinker/backlinker.go:226.18,228.5 1 0
github.com/sheldonhull/sharedbrain/backlinker/backlinker.go:234.14,236.3 1 1
github.com/sheldonhull/sharedbrain/backlinker/backlinker.go:236.8,238.3 1 1
github.com/sheldonhull/sharedbrain/backlinker/backlinker.go:240.25,242.43 2 1
github.com/sheldonhull/sharedbrain/backlinker/backlinker.go:252.3,252.24 1 1
github.com/sheldonhull/sharedbrain/backlinker/backlinker.go:242.43,244.16 2 1
github.com/sheldonhull/sharedbrain/backlinker/backlinker.go:247.4,248.31 2 1
github.com/sheldonhull/sharedbrain/backlinker/backlinker.go:244.16,245.13 1 1
github.com/sheldonhull/sharedbrain/backlinker/backlinker.go:248.31,250.5 1 1
github.com/sheldonhull/sharedbrain/backlinker/backlinker.go:252.24,254.4 1 1
github.com/sheldonhull/sharedbrain/backlinker/backlinker.go:258.16,260.3 1 0
github.com/sheldonhull/sharedbrain/backlinker/backlinker.go:269.46,271.2 1 1
github.com/sheldonhull/sharedbrain/backlinker/backlinker.go:276.45,281.2 4 1
github.com/sheldonhull/sharedbrain/backlinker/backlinker.go:285.79,286.36 1 1
github.com/sheldonhull/sharedbrain/backlinker/backlinker.go:298.2,299.48 2 1
github.com/sheldonhull/sharedbrain/backlinker/backlinker.go:286.36,291.14 4 1
github.com/sheldonhull/sharedbrain/backlinker/backlinker.go:295.3,296.51 2 1
github.com/sheldonhull/sharedbrain/backlinker/backlinker.go:291.14,294.4 2 1
github.com/sheldonhull/sharedbrain/backlinker/backlinker.go:305.26,306.21 1 1
github.com/sheldonhull/sharedbrain/backlinker/backlinker.go:313.2,313.21 1 1
github.com/sheldonhull/sharedbrain/backlinker/backlinker.go:321.2,322.16 2 1
github.com/sheldonhull/sharedbrain/backlinker/backlinker.go:325.2,325.12 1 1
github.com/sheldonhull/sharedbrain/backlinker/backlinker.go:306.21,309.17 3 0
github.com/sheldonhull/sharedbrain/backlinker/backlinker.go:309.17,311.4 1 0
github.com/sheldonhull/sharedbrain/backlinker/backlinker.go:313.21,317.17 4 1
github.com/sheldonhull/sharedbrain/backlinker/backlinker.go:317.17,319.4 1 0
github.com/sheldonhull/sharedbrain/backlinker/backlinker.go:322.16,324.3 1 0
github.com/sheldonhull/sharedbrain/backlinker/backlinker.go:330.97,331.30 1 1
github.com/sheldonhull/sharedbrain/backlinker/backlinker.go:334.2,338.49 2 1
github.com/sheldonhull/sharedbrain/backlinker/backlinker.go:360.2,360.42 1 1
github.com/sheldonhull/sharedbrain/backlinker/backlinker.go:368.2,368.12 1 1
github.com/sheldonhull/sharedbrain/backlinker/backlinker.go:331.30,333.3 1 1
github.com/sheldonhull/sharedbrain/backlinker/backlinker.go:338.49,345.38 5 1
github.com/sheldonhull/sharedbrain/backlinker/backlinker.go:351.3,351.37 1 1
github.com/sheldonhull/sharedbrain/backlinker/backlinker.go:357.3,357.71 1 0
github.com/sheldonhull/sharedbrain/backlinker/backlinker.go:345.38,347.4 1 0
github.com/sheldonhull/sharedbrain/backlinker/backlinker.go:347.9,347.45 1 1
github.com/sheldonhull/sharedbrain/backlinker/backlinker.go:347.45,349.4 1 0
github.com/sheldonhull/sharedbrain/backlinker/backlinker.go:351.37,355.4 3 1
github.com/sheldonhull/sharedbrain/backlinker/backlinker.go:360.42,367.3 4 1
github.com/sheldonhull/sharedbrain/backlinker/backlinker.go:373.81,374.31 1 0
github.com/sheldonhull/sharedbrain/backlinker/backlinker.go:400.2,400.31 1 0
github.com/sheldonhull/sharedbrain/backlinker/backlinker.go:409.2,409.31 1 0
github.com/sheldonhull/sharedbrain/backlinker/backlinker.go:427.2,427.31 1 0
github.com/sheldonhull/sharedbrain/backlinker/backlinker.go:434.2,434.12 1 0
github.com/sheldonhull/sharedbrain/backlinker/backlinker.go:374.31,378.17 4 0
github.com/sheldonhull/sharedbrain/backlinker/backlinker.go:389.3,391.17 3 0
github.com/sheldonhull/sharedbrain/backlinker/backlinker.go:378.17,381.4 2 0
github.com/sheldonhull/sharedbrain/backlinker/backlinker.go:381.9,384.18 3 0
github.com/sheldonhull/sharedbrain/backlinker/backlinker.go:387.4,387.42 1 0
github.com/sheldonhull/sharedbrain/backlinker/backlinker.go:384.18,386.5 1 0
github.com/sheldonhull/sharedbrain/backlinker/backlinker.go:391.17,393.4 1 0
github.com/sheldonhull/sharedbrain/backlinker/backlinker.go:400.31,401.22 1 0
github.com/sheldonhull/sharedbrain/backlinker/backlinker.go:401.22,403.18 2 0
github.com/sheldonhull/sharedbrain/backlinker/backlinker.go:403.18,405.5 1 0
github.com/sheldonhull/sharedbrain/backlinker/backlinker.go:409.31,411.23 1 0
github.com/sheldonhull/sharedbrain/backlinker/backlinker.go:419.3,420.17 2 0
github.com/sheldonhull/sharedbrain/backlinker/backlinker.go:411.23,413.18 2 0
github.com/sheldonhull/sharedbrain/backlinker/backlinker.go:413.18,415.5 1 0
github.com/sheldonhull/sharedbrain/backlinker/backlinker.go:420.17,422.4 1 0
github.com/sheldonhull/sharedbrain/backlinker/backlinker.go:427.31,429.17 2 0
github.com/sheldonhull/sharedbrain/backlinker/backlinker.go:429.17,431.4 1 0
github.com/sheldonhull/sharedbrain/backlinker/backlinker.go:439.73,440.31 1 0
github.com/sheldonhull/sharedbrain/backlinker/backlinker.go:454.2,454.12 1 0
github.com/sheldonhull/sharedbrain/backlinker/backlinker.go:440.31,442.17 2 0
github.com/sheldonhull/sharedbrain/backlinker/backlinker.go:445.3,446.17 2 0
github.com/sheldonhull/sharedbrain/backlinker/backlinker.go:449.3,450.17 2 0
github.com/sheldonhull/sharedbrain/backlinker/backlinker.go:442.17,444.4 1 0
github.com/sheldonhull/sharedbrain/backlinker/backlinker.go:446.17,448.4 1 0
github.com/sheldonhull/sharedbrain/backlinker/backlinker.go:450.17,452.4 1 0
github.com/sheldonhull/sharedbrain/backlinker/backlinker.go:468.63,470.16 2 0
github.com/sheldonhull/sharedbrain/backlinker/backlinker.go:473.2,475.16 3 0
github.com/sheldonhull/sharedbrain/backlinker/backlinker.go:478.2,479.16 2 0
github.com/sheldonhull/sharedbrain/backlinker/backlinker.go:482.2,483.12 2 0
github.com/sheldonhull/sharedbrain/backlinker/backlinker.go:470.16,472.3 1 0
github.com/sheldonhull/sharedbrain/backlinker/backlinker.go:475.16,477.3 1 0
github.com/sheldonhull/sharedbrain/backlinker/backlinker.go:479.16,481.3 1 0
